<?xml version="1.0" encoding="UTF-8"?>
<testng-results ignored="0" total="2" passed="2" failed="0" skipped="0">
  <reporter-output>
  </reporter-output>
  <suite started-at="2024-08-25T17:33:45 IST" name="Default suite" finished-at="2024-08-25T17:33:53 IST" duration-ms="8095">
    <groups>
    </groups>
    <test started-at="2024-08-25T17:33:45 IST" name="Default test" finished-at="2024-08-25T17:33:53 IST" duration-ms="8095">
      <class name="com.TestRunner.Runner_SwagLab">
        <test-method is-config="true" signature="stertTest()[pri:0, instance:com.TestRunner.Runner_SwagLab@4ed5eb72]" started-at="2024-08-25T17:33:44 IST" name="stertTest" finished-at="2024-08-25T17:33:45 IST" duration-ms="346" status="PASS">
          <reporter-output>
          </reporter-output>
        </test-method> <!-- stertTest -->
        <test-method is-config="true" signature="browserlaunch()[pri:0, instance:com.TestRunner.Runner_SwagLab@4ed5eb72]" started-at="2024-08-25T17:33:45 IST" name="browserlaunch" finished-at="2024-08-25T17:33:49 IST" duration-ms="3951" status="PASS">
          <reporter-output>
          </reporter-output>
        </test-method> <!-- browserlaunch -->
        <test-method signature="login()[pri:0, instance:com.TestRunner.Runner_SwagLab@4ed5eb72]" started-at="2024-08-25T17:33:49 IST" name="login" finished-at="2024-08-25T17:33:51 IST" duration-ms="2184" status="PASS">
          <reporter-output>
          </reporter-output>
        </test-method> <!-- login -->
        <test-method signature="testProduct1()[pri:1, instance:com.TestRunner.Runner_SwagLab@4ed5eb72]" started-at="2024-08-25T17:33:51 IST" name="testProduct1" finished-at="2024-08-25T17:33:52 IST" duration-ms="1082" status="PASS">
          <reporter-output>
          </reporter-output>
        </test-method> <!-- testProduct1 -->
        <test-method is-config="true" signature="closebrowser()[pri:0, instance:com.TestRunner.Runner_SwagLab@4ed5eb72]" started-at="2024-08-25T17:33:52 IST" name="closebrowser" finished-at="2024-08-25T17:33:53 IST" duration-ms="275" status="PASS">
          <reporter-output>
          </reporter-output>
        </test-method> <!-- closebrowser -->
        <test-method is-config="true" signature="endTest()[pri:0, instance:com.TestRunner.Runner_SwagLab@4ed5eb72]" started-at="2024-08-25T17:33:53 IST" name="endTest" finished-at="2024-08-25T17:33:54 IST" duration-ms="1184" status="PASS">
          <reporter-output>
          </reporter-output>
        </test-method> <!-- endTest -->
      </class> <!-- com.TestRunner.Runner_SwagLab -->
    </test> <!-- Default test -->
  </suite> <!-- Default suite -->
</testng-results>
